[INFO] Scanning for projects...
[INFO]                                                                         
[INFO] ------------------------------------------------------------------------
[INFO] Building WL Sample license checker Main-SNAPSHOT
[INFO] ------------------------------------------------------------------------
[INFO] 
[INFO] --- maven-clean-plugin:2.5:clean (default-clean) @ sample-license-checker ---
[INFO] 
[INFO] --- imp-maven-license-plugin:Main-SNAPSHOT:check (samples-copyright-check) @ sample-license-checker ---
[INFO] Checking licenses...
[INFO] Missing header in: /Users/shmulikb/Documents/GitHub-Repositories/Samples/PreemptiveLoginSwift/PreemptiveLoginSwift/HomeViewController.swift
[WARNING] Unknown file extension: /Users/shmulikb/Documents/GitHub-Repositories/Samples/PreemptiveLoginSwift/PreemptiveLoginSwift.xcworkspace/xcuserdata/shmulikb.xcuserdatad/UserInterfaceState.xcuserstate
[WARNING] Unknown file extension: /Users/shmulikb/Documents/GitHub-Repositories/Samples/PreemptiveLoginSwift/PreemptiveLoginSwift.xcworkspace/xcuserdata/shmulikb.xcuserdatad/xcdebugger/Breakpoints_v2.xcbkptlist
[INFO] ------------------------------------------------------------------------
[INFO] BUILD FAILURE
[INFO] ------------------------------------------------------------------------
[INFO] Total time: 1.199 s
[INFO] Finished at: 2016-02-29T13:51:52+02:00
[INFO] Final Memory: 7M/245M
[INFO] ------------------------------------------------------------------------
[ERROR] Failed to execute goal com.ibm.plugin:imp-maven-license-plugin:Main-SNAPSHOT:check (samples-copyright-check) on project sample-license-checker: Some files do not have the expected license header -> [Help 1]
[ERROR] 
[ERROR] To see the full stack trace of the errors, re-run Maven with the -e switch.
[ERROR] Re-run Maven using the -X switch to enable full debug logging.
[ERROR] 
[ERROR] For more information about the errors and possible solutions, please read the following articles:
[ERROR] [Help 1] http://cwiki.apache.org/confluence/display/MAVEN/MojoExecutionException
